Build started 30/01/2015 10:08:53.
     1>Project "D:\Ex6ai\Ex6ai\Ex6ai.vcxproj" on node 2 (build target(s)).
     1>InitializeBuildStatus:
         Creating "Debug\Ex6ai.unsuccessfulbuild" because "AlwaysCreate" was specified.
       GenerateTargetFrameworkMonikerAttribute:
       Skipping target "GenerateTargetFrameworkMonikerAttribute" because all output files are up-to-date with respect to the input files.
       ClCompile:
         All outputs are up-to-date.
         c:\Program Files (x86)\Microsoft Visual Studio 10.0\VC\bin\CL.exe /c /AI"C:\Program Files (x86)\Reference Assemblies\Microsoft\Framework\.NETFramework\v4.0" /Zi /clr /nologo /W3 /WX- /Od /Oy- /D WIN32 /D _DEBUG /D _UNICODE /D UNICODE /EHa /MDd /GS /fp:precise /Zc:wchar_t /Zc:forScope /Yu"StdAfx.h" /Fp"Debug\Ex6ai.pch" /Fo"Debug\\" /Fd"Debug\vc100.pdb" /TP /FU"C:\Program Files (x86)\Reference Assemblies\Microsoft\Framework\.NETFramework\v4.0\System.Core.dll" /FU"C:\Program Files (x86)\Reference Assemblies\Microsoft\Framework\.NETFramework\v4.0\System.Data.dll" /FU"C:\Program Files (x86)\Reference Assemblies\Microsoft\Framework\.NETFramework\v4.0\System.dll" /FU"C:\Program Files (x86)\Reference Assemblies\Microsoft\Framework\.NETFramework\v4.0\System.Xml.dll" /analyze- /errorReport:prompt Ex6ai.cpp /clr:nostdlib 
         Ex6ai.cpp
         All outputs are up-to-date.
       ResourceCompile:
         All outputs are up-to-date.
       Link:
         c:\Program Files (x86)\Microsoft Visual Studio 10.0\VC\bin\link.exe /ERRORREPORT:PROMPT /OUT:"D:\Ex6ai\Debug\Ex6ai.exe" /INCREMENTAL /NOLOGO /MANIFEST /ManifestFile:"Debug\Ex6ai.exe.intermediate.manifest" /MANIFESTUAC:"level='asInvoker' uiAccess='false'" /DEBUG /PDB:"D:\Ex6ai\Debug\Ex6ai.pdb" /ASSEMBLYDEBUG /TLBID:1 /DYNAMICBASE /FIXED:NO /NXCOMPAT /MACHINE:X86 Debug\app.res
         Debug\AssemblyInfo.obj
         Debug\Ex6ai.obj
         Debug\stdafx.obj
         "Debug\.NETFramework,Version=v4.0.AssemblyAttributes.obj"
         Ex6ai.vcxproj -> D:\Ex6ai\Debug\Ex6ai.exe
       Manifest:
         C:\Program Files (x86)\Microsoft SDKs\Windows\v7.0A\bin\mt.exe /nologo /verbose /outputresource:"D:\Ex6ai\Debug\Ex6ai.exe;#1" /manifest Debug\Ex6ai.exe.intermediate.manifest
       FinalizeBuildStatus:
         Deleting file "Debug\Ex6ai.unsuccessfulbuild".
         Touching "Debug\Ex6ai.lastbuildstate".
     1>Done Building Project "D:\Ex6ai\Ex6ai\Ex6ai.vcxproj" (build target(s)).

Build succeeded.

Time Elapsed 00:00:09.28
